Start testing: May 27 13:55 UTC
----------------------------------------------------------
1/1 Testing: test_gradiente
1/1 Test: test_gradiente
Command: "/home/pcsdocker/Data/Esercitazioni_PCS_2026/esercitazione10/build/main"
Directory: /home/pcsdocker/Data/Esercitazioni_PCS_2026/esercitazione10/build
"test_gradiente" start time: May 27 13:55 UTC
Output:
----------------------------------------------------------
--- TEST 1: n = 3, x_ex = ones ---
it      : 3/300
res_rel : 2.4572e-15 (tol: 1.0000e-12)
err_rel : 1.6266e-15
x       : 1.0000e+00 1.0000e+00 1.0000e+00

 PASS

--- TEST 2: n = 50, x_ex = ones ---
it      : 89/5000
res_rel : 9.7573e-13 (tol: 1.0000e-12)
err_rel : 2.6211e-11
x       : 1.0000e+00 1.0000e+00 1.0000e+00 1.0000e+00 1.0000e+00 1.0000e+00 1.0000e+00 1.0000e+00 1.0000e+00 1.0000e+00 1.0000e+00 1.0000e+00 1.0000e+00 1.0000e+00 1.0000e+00 1.0000e+00 1.0000e+00 1.0000e+00 1.0000e+00 1.0000e+00 1.0000e+00 1.0000e+00 1.0000e+00 1.0000e+00 1.0000e+00 1.0000e+00 1.0000e+00 1.0000e+00 1.0000e+00 1.0000e+00 1.0000e+00 1.0000e+00 1.0000e+00 1.0000e+00 1.0000e+00 1.0000e+00 1.0000e+00 1.0000e+00 1.0000e+00 1.0000e+00 1.0000e+00 1.0000e+00 1.0000e+00 1.0000e+00 1.0000e+00 1.0000e+00 1.0000e+00 1.0000e+00 1.0000e+00 1.0000e+00

 PASS

 Tutti i test superati. 
<end of output>
Test time =   0.01 sec
----------------------------------------------------------
Test Passed.
"test_gradiente" end time: May 27 13:55 UTC
"test_gradiente" time elapsed: 00:00:00
----------------------------------------------------------

End testing: May 27 13:55 UTC
