Start testing: May 13 21:20 UTC
----------------------------------------------------------
1/1 Testing: test_grafi
1/1 Test: test_grafi
Command: "/home/pcsdocker/Data/Esercitazioni_PCS_2026/esercitazione8/build/main"
Directory: /home/pcsdocker/Data/Esercitazioni_PCS_2026/esercitazione8/build
"test_grafi" start time: May 13 21:20 UTC
Output:
----------------------------------------------------------
 Test 1: costruzione e stampa 
Nodi: { 1 2 3 }
Archi: { (1, 2) (1, 3) (2, 3) }
Test 1, costruzione e stampa: successo

 Test 2: costruttore di copia 
Originale (3 archi):
Nodi: { 1 2 3 }
Archi: { (1, 2) (1, 3) (2, 3) }
Copia     (4 archi):
Nodi: { 1 2 3 4 5 }
Archi: { (1, 2) (1, 3) (2, 3) (4, 5) }
Test 2, costruttore di copia: successo

 Test 3: neighbours 
neighbours: nodo non presente nel grafo 
Vicini di 1: { 2 3 }
Nodo 99 non trovato (nullopt)
Test 3, neighbours: successo

 Test 4: all_edges e all_nodes 
Tutti i nodi di g: { 1 2 3 }
Tutti gli archi di g: { (1, 2) (1, 3) (2, 3) }
Test 4, all_edges e all_nodes: successo

 Test 5: edge_number e edge_at 
Numero di (1,2): 0
Arco in posizione 2: (2, 3)
edge_number: arco non presente nel grafo 
Arco (9,10) non presente (nullopt)
edge_at: indice fuori range 
Indice 10 fuori range (nullopt)
Test 5, edge_number e edge_at: successo

 Test 6: differenza G - G' 
G - G':
Nodi: { 1 2 3 }
Archi: { (1, 3) (2, 3) }
Test 6, differenza G - G': successo

-----------------------------------
Tutti i test superati.
<end of output>
Test time =   0.00 sec
----------------------------------------------------------
Test Passed.
"test_grafi" end time: May 13 21:20 UTC
"test_grafi" time elapsed: 00:00:00
----------------------------------------------------------

End testing: May 13 21:20 UTC
